<?xml version="1.0" encoding="UTF-8"?>
<!-- Generated by org.testng.reporters.JUnitXMLReporter -->
<testsuite hostname="NPC" ignored="0" name="Test with chrome" tests="2" failures="2" timestamp="2020-06-30T17:31:32 IST" time="2.142" errors="0">
  <testcase name="TestCase1" time="1.751" classname="TestCases.TestClass">
    <failure type="org.testng.internal.reflect.MethodMatcherException" message="
[public void TestCases.TestClass.TestCase1(java.util.Hashtable,java.lang.String) throws java.lang.InterruptedException,java.io.IOException] has no parameters defined but was found to be using a data provider (either explicitly specified or inherited from class level annotation).
Data provider mismatch
Method: TestCase1([Parameter{index=0, type=java.util.Hashtable, declaredAnnotations=[]}, Parameter{index=1, type=java.lang.String, declaredAnnotations=[]}])
Arguments: [(java.util.Hashtable) {Interest=9.5, Amount=1500000.0, Tenure=1.0}]">
      <![CDATA[org.testng.internal.reflect.MethodMatcherException: 
[public void TestCases.TestClass.TestCase1(java.util.Hashtable,java.lang.String) throws java.lang.InterruptedException,java.io.IOException] has no parameters defined but was found to be using a data provider (either explicitly specified or inherited from class level annotation).
Data provider mismatch
Method: TestCase1([Parameter{index=0, type=java.util.Hashtable, declaredAnnotations=[]}, Parameter{index=1, type=java.lang.String, declaredAnnotations=[]}])
Arguments: [(java.util.Hashtable) {Interest=9.5, Amount=1500000.0, Tenure=1.0}]
at java.util.ArrayList.forEach(ArrayList.java:1257)
at java.util.concurrent.FutureTask.run(FutureTask.java:266)
at java.util.concurrent.ThreadPoolExecutor.runWorker(ThreadPoolExecutor.java:1149)
at java.util.concurrent.ThreadPoolExecutor$Worker.run(ThreadPoolExecutor.java:624)
at java.lang.Thread.run(Thread.java:748)
... Removed 13 stack frames]]>
    </failure>
  </testcase> <!-- TestCase1 -->
  <testcase name="TestCase2" time="0.235" classname="TestCases.TestClass">
    <failure type="org.testng.internal.reflect.MethodMatcherException" message="
[public void TestCases.TestClass.TestCase2(java.util.Hashtable,java.lang.String) throws java.lang.InterruptedException,java.io.IOException] has no parameters defined but was found to be using a data provider (either explicitly specified or inherited from class level annotation).
Data provider mismatch
Method: TestCase2([Parameter{index=0, type=java.util.Hashtable, declaredAnnotations=[]}, Parameter{index=1, type=java.lang.String, declaredAnnotations=[]}])
Arguments: [(java.util.Hashtable) {Interest=8.5, Amount=-2000000.0, Tenure=}]">
      <![CDATA[org.testng.internal.reflect.MethodMatcherException: 
[public void TestCases.TestClass.TestCase2(java.util.Hashtable,java.lang.String) throws java.lang.InterruptedException,java.io.IOException] has no parameters defined but was found to be using a data provider (either explicitly specified or inherited from class level annotation).
Data provider mismatch
Method: TestCase2([Parameter{index=0, type=java.util.Hashtable, declaredAnnotations=[]}, Parameter{index=1, type=java.lang.String, declaredAnnotations=[]}])
Arguments: [(java.util.Hashtable) {Interest=8.5, Amount=-2000000.0, Tenure=}]
at java.util.ArrayList.forEach(ArrayList.java:1257)
at java.util.concurrent.FutureTask.run(FutureTask.java:266)
at java.util.concurrent.ThreadPoolExecutor.runWorker(ThreadPoolExecutor.java:1149)
at java.util.concurrent.ThreadPoolExecutor$Worker.run(ThreadPoolExecutor.java:624)
at java.lang.Thread.run(Thread.java:748)
... Removed 13 stack frames]]>
    </failure>
  </testcase> <!-- TestCase2 -->
</testsuite> <!-- Test with chrome -->
